[INFO] Scanning for projects...
[INFO] 
[INFO] ------------------------< com.hutech:bookstore >------------------------
[INFO] Building bookstore 0.0.1-SNAPSHOT
[INFO]   from pom.xml
[INFO] --------------------------------[ jar ]---------------------------------
[INFO] 
[INFO] --- resources:3.3.1:resources (default-resources) @ bookstore ---
[INFO] Copying 4 resources from src\main\resources to target\classes
[INFO] Copying 13 resources from src\main\resources to target\classes
[INFO] 
[INFO] --- compiler:3.11.0:compile (default-compile) @ bookstore ---
[INFO] Changes detected - recompiling the module! :source
[INFO] Compiling 120 source files with javac [debug release 21] to target\classes
[INFO] Annotation processing is enabled because one or more processors were found
  on the class path. A future release of javac may disable annotation processing
  unless at least one processor is specified by name (-processor), or a search
  path is specified (--processor-path, --processor-module-path), or annotation
  processing is enabled explicitly (-proc:only, -proc:full).
  Use -Xlint:-options to suppress this message.
  Use -proc:none to disable annotation processing.
[INFO] -------------------------------------------------------------
[ERROR] COMPILATION ERROR : 
[INFO] -------------------------------------------------------------
[ERROR] /D:/Do_an_J2EE/bookstore-project/bookstore/src/main/java/com/hutech/bookstore/service/OrderService.java:[189,16] variable paymentMethodStr is already defined in method createOrder(com.hutech.bookstore.model.User,com.hutech.bookstore.dto.CreateOrderRequest)
[INFO] 1 error
[INFO] -------------------------------------------------------------
[INFO] ------------------------------------------------------------------------
[INFO] BUILD FAILURE
[INFO] ------------------------------------------------------------------------
[INFO] Total time:  5.401 s
[INFO] Finished at: 2026-01-06T02:05:09+07:00
[INFO] ------------------------------------------------------------------------
[ERROR] Failed to execute goal org.apache.maven.plugins:maven-compiler-plugin:3.11.0:compile (default-compile) on project bookstore: Compilation failure
[ERROR] /D:/Do_an_J2EE/bookstore-project/bookstore/src/main/java/com/hutech/bookstore/service/OrderService.java:[189,16] variable paymentMethodStr is already defined in method createOrder(com.hutech.bookstore.model.User,com.hutech.bookstore.dto.CreateOrderRequest)
[ERROR] 
[ERROR] -> [Help 1]
[ERROR] 
[ERROR] To see the full stack trace of the errors, re-run Maven with the -e switch.
[ERROR] Re-run Maven using the -X switch to enable full debug logging.
[ERROR] 
[ERROR] For more information about the errors and possible solutions, please read the following articles:
[ERROR] [Help 1] http://cwiki.apache.org/confluence/display/MAVEN/MojoFailureException
